info: Time: 1548259106504 Request: GET /news
info: Time: 1548950530036 Request: GET /news
info: Time: 1548950587706 Request: GET /news
info: Time: 1548950606572 Request: GET /news
info: Time: 1548951032621 Request: POST /news
info: Time: 1548951081504 Request: POST /news
info: Time: 1548951115186 Request: POST /news
info: Time: 1548951162845 Request: POST /news
info: Time: 1548951209584 Request: POST /news
info: Time: 1548951253142 Request: GET /news
info: Time: 1548951457449 Request: GET /news
info: Time: 1548951468813 Request: POST /news
info: Time: 1548951471181 Request: POST /news
info: Time: 1548951475016 Request: POST /news
info: Time: 1548951703581 Request: PUT /news
info: Time: 1548951744080 Request: PUT /news
info: Time: 1548951761913 Request: GET /news
info: Time: 1548951843483 Request: PUT /news
info: Time: 1548951848039 Request: PUT /news
info: Time: 1548951955739 Request: DELETE /news
info: Time: 1548951990239 Request: DELETE /news
info: Time: 1548952017596 Request: DELETE /news
info: Time: 1548954533149 Request: DELETE /news
info: Time: 1548954539234 Request: GET /news
info: Time: 1549027070560 Request: GET 
info: Time: 1549027143979 Request: GET 
info: Time: 1549027215639 Request: GET 
info: Time: 1549027219730 Request: GET 
info: Time: 1549027230700 Request: GET 
info: Time: 1549027231535 Request: GET 
info: Time: 1549027234483 Request: GET 
info: Time: 1549028171050 Request: GET 
info: Time: 1549028180077 Request: GET 
info: Time: 1549028181076 Request: GET 
info: Time: 1549029159538 Request: GET 
info: Time: 1549029160547 Request: GET 
info: Time: 1549029168465 Request: GET 
info: Time: 1549029168493 Request: GET 
info: Time: 1549029386359 Request: GET 
info: Time: 1549029387339 Request: GET 
info: Time: 1549029425688 Request: GET 
info: Time: 1549029425717 Request: GET 
info: Time: 1549029561391 Request: GET 
info: Time: 1549029561416 Request: GET 
info: Time: 1549029616242 Request: GET 
info: Time: 1549031470331 Request: GET 
info: Time: 1549031483417 Request: GET 
info: Time: 1549031615338 Request: GET 
info: Time: 1549031642954 Request: GET 
info: Time: 1549031650685 Request: GET 
info: Time: 1549031732208 Request: GET 
info: Time: 1549031734424 Request: GET 
info: Time: 1549032384793 Request: GET 
info: Time: 1549032386767 Request: GET 
info: Time: 1549032386795 Request: GET 
info: Time: 1549032658357 Request: GET 
info: Time: 1549032799821 Request: GET 
info: Time: 1549032810701 Request: GET 
info: Time: 1549032845383 Request: GET 
info: Time: 1549032845411 Request: GET 
info: Time: 1549032845566 Request: GET 
info: Time: 1549032869199 Request: GET 
info: Time: 1549032869227 Request: GET 
info: Time: 1549032911145 Request: GET 
info: Time: 1549032911176 Request: GET 
info: Time: 1549032933027 Request: GET 
info: Time: 1549032933056 Request: GET 
info: Time: 1549033224864 Request: GET 
info: Time: 1549033231868 Request: GET 
info: Time: 1549034346127 Request: GET 
info: Time: 1549035763925 Request: GET 
info: Time: 1549035767916 Request: GET 
info: Time: 1549035777179 Request: GET 
info: Time: 1549035791367 Request: GET 
info: Time: 1549035803138 Request: GET 
info: Time: 1549035844512 Request: GET 
info: Time: 1549035875097 Request: GET 
info: Time: 1549035893297 Request: GET 
info: Time: 1549035899408 Request: GET 
info: Time: 1549036021907 Request: GET 
info: Time: 1549036593569 Request: GET 
info: Time: 1549036694454 Request: GET 
info: Time: 1549037261381 Request: GET 
info: Time: 1549037488380 Request: GET 
info: Time: 1549037495553 Request: GET 
info: Time: 1549037500835 Request: GET 
info: Time: 1549037523518 Request: GET 
info: Time: 1549038182439 Request: GET 
info: Time: 1549038229501 Request: GET 
info: Time: 1549038259510 Request: GET 
info: Time: 1549038287543 Request: GET 
info: Time: 1549038874437 Request: GET 
info: Time: 1549038909544 Request: GET 
info: Time: 1549039219529 Request: GET 
info: Time: 1549040536558 Request: GET 
info: Time: 1549040549907 Request: GET 
info: Time: 1549040651263 Request: GET 
info: Time: 1549040673253 Request: GET 
info: Time: 1549040709818 Request: GET 
info: Time: 1549040724436 Request: GET 
info: Time: 1549041309144 Request: GET 
info: Time: 1549041318638 Request: GET 
info: Time: 1549041443164 Request: GET 
info: Time: 1549041489827 Request: GET 
info: Time: 1549041492809 Request: GET 
info: Time: 1549041494893 Request: GET 
